[2026-06-16 14:17:01] === 开始巡检 ===
[2026-06-16 14:17:01] ⚠️ 有 3 个文件未提交
[2026-06-16 14:17:01] ⚠️ 巡检完成: 0 个错误, 1 个警告
[2026-06-16 14:30:01] === 开始巡检 ===
[2026-06-16 14:30:01] ⚠️ 有 5 个文件未提交
[2026-06-16 14:30:01] ⚠️ 巡检完成: 0 个错误, 1 个警告
[2026-06-16 15:00:01] === 开始巡检 ===
[2026-06-16 15:00:01] ⚠️ 有 1 个文件未提交
[2026-06-16 15:00:01] ⚠️ 巡检完成: 0 个错误, 1 个警告
[2026-06-16 15:30:01] === 开始巡检 ===
[2026-06-16 15:30:01] ⚠️ 有 1 个文件未提交
[2026-06-16 15:30:01] ⚠️ 巡检完成: 0 个错误, 1 个警告
[2026-06-16 16:00:01] === 开始巡检 ===
[2026-06-16 16:00:01] ⚠️ 有 1 个文件未提交
[2026-06-16 16:00:01] ⚠️ 巡检完成: 0 个错误, 1 个警告
[2026-06-16 16:30:01] === 开始巡检 ===
[2026-06-16 16:30:01] ⚠️ 有 1 个文件未提交
[2026-06-16 16:30:01] ⚠️ 巡检完成: 0 个错误, 1 个警告
[2026-06-16 17:00:01] === 开始巡检 ===
[2026-06-16 17:00:01] ⚠️ 有 1 个文件未提交
[2026-06-16 17:00:01] ⚠️ 巡检完成: 0 个错误, 1 个警告
[2026-06-16 17:30:01] === 开始巡检 ===
[2026-06-16 17:30:01] ⚠️ 有 1 个文件未提交
[2026-06-16 17:30:01] ⚠️ 巡检完成: 0 个错误, 1 个警告
[2026-06-16 18:00:01] === 开始巡检 ===
[2026-06-16 18:00:01] ⚠️ 有 1 个文件未提交
[2026-06-16 18:00:01] ⚠️ 巡检完成: 0 个错误, 1 个警告
[2026-06-16 18:30:01] === 开始巡检 ===
[2026-06-16 18:30:01] ⚠️ 有 1 个文件未提交
[2026-06-16 18:30:01] ⚠️ 巡检完成: 0 个错误, 1 个警告
[2026-06-16 19:00:01] === 开始巡检 ===
[2026-06-16 19:00:01] ⚠️ 有 1 个文件未提交
[2026-06-16 19:00:01] ⚠️ 巡检完成: 0 个错误, 1 个警告
[2026-06-16 19:30:01] === 开始巡检 ===
[2026-06-16 19:30:01] ⚠️ 有 1 个文件未提交
[2026-06-16 19:30:01] ⚠️ 巡检完成: 0 个错误, 1 个警告
[2026-06-16 20:00:01] === 开始巡检 ===
[2026-06-16 20:00:01] ⚠️ 有 1 个文件未提交
[2026-06-16 20:00:01] ⚠️ 巡检完成: 0 个错误, 1 个警告
[2026-06-16 20:30:01] === 开始巡检 ===
[2026-06-16 20:30:01] ⚠️ 有 1 个文件未提交
[2026-06-16 20:30:01] ⚠️ 巡检完成: 0 个错误, 1 个警告
[2026-06-16 21:00:01] === 开始巡检 ===
[2026-06-16 21:00:01] ⚠️ 有 2 个文件未提交
[2026-06-16 21:00:01] ⚠️ 巡检完成: 0 个错误, 1 个警告
[2026-06-16 21:30:01] === 开始巡检 ===
[2026-06-16 21:30:01] ⚠️ 有 1 个提交未推送，自动推送...
To https://github.com/Omlandc/aievoweb.git
   adda451..be03b05  main -> main
[2026-06-16 21:30:01] ✅ 自动推送成功
[2026-06-16 21:30:01] ⚠️ 有 1 个文件未提交
[2026-06-16 21:30:01] ⚠️ 巡检完成: 0 个错误, 1 个警告
[2026-06-16 22:00:01] === 开始巡检 ===
[2026-06-16 22:00:01] ⚠️ 有 1 个文件未提交
[2026-06-16 22:00:01] ⚠️ 巡检完成: 0 个错误, 1 个警告
[2026-06-16 22:30:01] === 开始巡检 ===
[2026-06-16 22:30:01] ⚠️ 有 1 个文件未提交
[2026-06-16 22:30:01] ⚠️ 巡检完成: 0 个错误, 1 个警告
[2026-06-16 23:00:01] === 开始巡检 ===
[2026-06-16 23:00:01] ⚠️ 有 1 个文件未提交
[2026-06-16 23:00:01] ⚠️ 巡检完成: 0 个错误, 1 个警告
[2026-06-16 23:30:01] === 开始巡检 ===
[2026-06-16 23:30:01] ⚠️ 有 1 个文件未提交
[2026-06-16 23:30:01] ⚠️ 巡检完成: 0 个错误, 1 个警告
[2026-06-17 00:00:01] === 开始巡检 ===
[2026-06-17 00:00:01] ⚠️ 有 1 个文件未提交
[2026-06-17 00:00:01] ⚠️ 巡检完成: 0 个错误, 1 个警告
[2026-06-17 00:30:01] === 开始巡检 ===
[2026-06-17 00:30:01] ⚠️ 有 1 个文件未提交
[2026-06-17 00:30:01] ⚠️ 巡检完成: 0 个错误, 1 个警告
[2026-06-17 01:00:01] === 开始巡检 ===
[2026-06-17 01:00:01] ⚠️ 有 1 个文件未提交
[2026-06-17 01:00:01] ⚠️ 巡检完成: 0 个错误, 1 个警告
[2026-06-17 01:30:01] === 开始巡检 ===
[2026-06-17 01:30:01] ⚠️ 有 1 个文件未提交
[2026-06-17 01:30:01] ⚠️ 巡检完成: 0 个错误, 1 个警告
[2026-06-17 02:00:01] === 开始巡检 ===
[2026-06-17 02:00:01] ⚠️ 有 1 个文件未提交
[2026-06-17 02:00:01] ⚠️ 巡检完成: 0 个错误, 1 个警告
[2026-06-17 02:30:01] === 开始巡检 ===
[2026-06-17 02:30:01] ⚠️ 有 1 个文件未提交
[2026-06-17 02:30:01] ⚠️ 巡检完成: 0 个错误, 1 个警告
[2026-06-17 03:00:01] === 开始巡检 ===
[2026-06-17 03:00:01] ⚠️ 有 1 个文件未提交
[2026-06-17 03:00:01] ⚠️ 巡检完成: 0 个错误, 1 个警告
[2026-06-17 03:30:01] === 开始巡检 ===
[2026-06-17 03:30:01] ⚠️ 有 1 个文件未提交
[2026-06-17 03:30:01] ⚠️ 巡检完成: 0 个错误, 1 个警告
[2026-06-17 04:00:01] === 开始巡检 ===
[2026-06-17 04:00:01] ⚠️ 有 1 个文件未提交
[2026-06-17 04:00:01] ⚠️ 巡检完成: 0 个错误, 1 个警告
[2026-06-17 04:30:01] === 开始巡检 ===
[2026-06-17 04:30:01] ⚠️ 有 1 个文件未提交
[2026-06-17 04:30:01] ⚠️ 巡检完成: 0 个错误, 1 个警告
[2026-06-17 05:00:01] === 开始巡检 ===
[2026-06-17 05:00:01] ⚠️ 有 1 个文件未提交
[2026-06-17 05:00:01] ⚠️ 巡检完成: 0 个错误, 1 个警告
[2026-06-17 05:30:01] === 开始巡检 ===
[2026-06-17 05:30:01] ⚠️ 有 1 个文件未提交
[2026-06-17 05:30:01] ⚠️ 巡检完成: 0 个错误, 1 个警告
[2026-06-17 06:00:01] === 开始巡检 ===
[2026-06-17 06:00:01] ⚠️ 有 3 个文件未提交
[2026-06-17 06:00:01] ⚠️ 巡检完成: 0 个错误, 1 个警告
[2026-06-17 06:30:01] === 开始巡检 ===
[2026-06-17 06:30:01] ⚠️ 有 1 个提交未推送，自动推送...
To https://github.com/Omlandc/aievoweb.git
   be03b05..5bf01fc  main -> main
[2026-06-17 06:30:01] ✅ 自动推送成功
[2026-06-17 06:30:01] ⚠️ 有 1 个文件未提交
[2026-06-17 06:30:01] ⚠️ 巡检完成: 0 个错误, 1 个警告
[2026-06-17 07:00:02] === 开始巡检 ===
[2026-06-17 07:00:02] ⚠️ 有 1 个文件未提交
[2026-06-17 07:00:02] ⚠️ 巡检完成: 0 个错误, 1 个警告
[2026-06-17 07:30:01] === 开始巡检 ===
[2026-06-17 07:30:01] ⚠️ 有 1 个文件未提交
[2026-06-17 07:30:01] ⚠️ 巡检完成: 0 个错误, 1 个警告
[2026-06-17 08:00:01] === 开始巡检 ===
[2026-06-17 08:00:01] ⚠️ 有 1 个文件未提交
[2026-06-17 08:00:01] ⚠️ 巡检完成: 0 个错误, 1 个警告
[2026-06-17 08:30:01] === 开始巡检 ===
[2026-06-17 08:30:01] ⚠️ 有 1 个文件未提交
[2026-06-17 08:30:01] ⚠️ 巡检完成: 0 个错误, 1 个警告
[2026-06-17 09:00:01] === 开始巡检 ===
[2026-06-17 09:00:01] ⚠️ 有 3 个文件未提交
[2026-06-17 09:00:01] ⚠️ 巡检完成: 0 个错误, 1 个警告
[2026-06-17 09:30:01] === 开始巡检 ===
[2026-06-17 09:30:01] ⚠️ 有 3 个文件未提交
[2026-06-17 09:30:01] ⚠️ 巡检完成: 0 个错误, 1 个警告
[2026-06-17 10:00:01] === 开始巡检 ===
[2026-06-17 10:00:01] ⚠️ 有 3 个文件未提交
[2026-06-17 10:00:01] ⚠️ 巡检完成: 0 个错误, 1 个警告
[2026-06-17 10:30:01] === 开始巡检 ===
[2026-06-17 10:30:01] ⚠️ 有 3 个文件未提交
[2026-06-17 10:30:01] ⚠️ 巡检完成: 0 个错误, 1 个警告
[2026-06-17 11:00:01] === 开始巡检 ===
[2026-06-17 11:00:01] ⚠️ 有 3 个文件未提交
[2026-06-17 11:00:01] ⚠️ 巡检完成: 0 个错误, 1 个警告
[2026-06-17 11:30:02] === 开始巡检 ===
[2026-06-17 11:30:02] ⚠️ 有 3 个文件未提交
[2026-06-17 11:30:02] ⚠️ 巡检完成: 0 个错误, 1 个警告
[2026-06-17 12:00:01] === 开始巡检 ===
[2026-06-17 12:00:01] ⚠️ 有 3 个文件未提交
[2026-06-17 12:00:01] ⚠️ 巡检完成: 0 个错误, 1 个警告
[2026-06-17 12:30:01] === 开始巡检 ===
[2026-06-17 12:30:01] ⚠️ 有 3 个文件未提交
[2026-06-17 12:30:01] ⚠️ 巡检完成: 0 个错误, 1 个警告
[2026-06-17 13:00:01] === 开始巡检 ===
[2026-06-17 13:00:01] ⚠️ 有 3 个文件未提交
[2026-06-17 13:00:01] ⚠️ 巡检完成: 0 个错误, 1 个警告
[2026-06-17 13:30:01] === 开始巡检 ===
[2026-06-17 13:30:01] ⚠️ 有 3 个文件未提交
[2026-06-17 13:30:01] ⚠️ 巡检完成: 0 个错误, 1 个警告
[2026-06-17 14:00:01] === 开始巡检 ===
[2026-06-17 14:00:01] ⚠️ 有 5 个文件未提交
[2026-06-17 14:00:01] ⚠️ 巡检完成: 0 个错误, 1 个警告
[2026-06-17 14:30:01] === 开始巡检 ===
[2026-06-17 14:30:01] ⚠️ 有 1 个提交未推送，自动推送...
To https://github.com/Omlandc/aievoweb.git
   5bf01fc..20417f5  main -> main
[2026-06-17 14:30:01] ✅ 自动推送成功
[2026-06-17 14:30:01] ⚠️ 有 1 个文件未提交
[2026-06-17 14:30:01] ⚠️ 巡检完成: 0 个错误, 1 个警告
[2026-06-17 15:00:01] === 开始巡检 ===
[2026-06-17 15:00:01] ⚠️ 有 1 个文件未提交
[2026-06-17 15:00:01] ⚠️ 巡检完成: 0 个错误, 1 个警告
[2026-06-17 15:30:01] === 开始巡检 ===
[2026-06-17 15:30:01] ⚠️ 有 1 个文件未提交
[2026-06-17 15:30:01] ⚠️ 巡检完成: 0 个错误, 1 个警告
[2026-06-17 16:00:01] === 开始巡检 ===
[2026-06-17 16:00:01] ⚠️ 有 1 个文件未提交
[2026-06-17 16:00:01] ⚠️ 巡检完成: 0 个错误, 1 个警告
[2026-06-17 16:30:01] === 开始巡检 ===
[2026-06-17 16:30:01] ⚠️ 有 1 个文件未提交
[2026-06-17 16:30:01] ⚠️ 巡检完成: 0 个错误, 1 个警告
[2026-06-17 17:00:01] === 开始巡检 ===
[2026-06-17 17:00:01] ⚠️ 有 1 个文件未提交
[2026-06-17 17:00:01] ⚠️ 巡检完成: 0 个错误, 1 个警告
[2026-06-17 17:30:01] === 开始巡检 ===
[2026-06-17 17:30:01] ⚠️ 有 1 个文件未提交
[2026-06-17 17:30:01] ⚠️ 巡检完成: 0 个错误, 1 个警告
[2026-06-17 18:00:01] === 开始巡检 ===
[2026-06-17 18:00:01] ⚠️ 有 1 个文件未提交
[2026-06-17 18:00:01] ⚠️ 巡检完成: 0 个错误, 1 个警告
[2026-06-17 18:30:01] === 开始巡检 ===
[2026-06-17 18:30:01] ⚠️ 有 1 个文件未提交
[2026-06-17 18:30:01] ⚠️ 巡检完成: 0 个错误, 1 个警告
[2026-06-17 19:00:01] === 开始巡检 ===
[2026-06-17 19:00:01] ⚠️ 有 1 个文件未提交
[2026-06-17 19:00:01] ⚠️ 巡检完成: 0 个错误, 1 个警告
[2026-06-17 19:30:01] === 开始巡检 ===
[2026-06-17 19:30:01] ⚠️ 有 1 个文件未提交
[2026-06-17 19:30:01] ⚠️ 巡检完成: 0 个错误, 1 个警告
[2026-06-17 20:00:01] === 开始巡检 ===
[2026-06-17 20:00:01] ⚠️ 有 1 个文件未提交
[2026-06-17 20:00:01] ⚠️ 巡检完成: 0 个错误, 1 个警告
[2026-06-17 20:30:01] === 开始巡检 ===
[2026-06-17 20:30:01] ⚠️ 有 1 个文件未提交
[2026-06-17 20:30:01] ⚠️ 巡检完成: 0 个错误, 1 个警告
[2026-06-17 21:00:01] === 开始巡检 ===
[2026-06-17 21:00:01] ⚠️ 有 3 个文件未提交
[2026-06-17 21:00:01] ⚠️ 巡检完成: 0 个错误, 1 个警告
[2026-06-17 21:30:01] === 开始巡检 ===
[2026-06-17 21:30:01] ⚠️ 有 1 个提交未推送，自动推送...
To https://github.com/Omlandc/aievoweb.git
   20417f5..ecb1bb5  main -> main
[2026-06-17 21:30:01] ✅ 自动推送成功
[2026-06-17 21:30:01] ⚠️ 有 1 个文件未提交
[2026-06-17 21:30:01] ⚠️ 巡检完成: 0 个错误, 1 个警告
[2026-06-17 22:00:01] === 开始巡检 ===
[2026-06-17 22:00:01] ⚠️ 有 1 个文件未提交
[2026-06-17 22:00:01] ⚠️ 巡检完成: 0 个错误, 1 个警告
[2026-06-17 22:30:01] === 开始巡检 ===
[2026-06-17 22:30:01] ⚠️ 有 1 个文件未提交
[2026-06-17 22:30:01] ⚠️ 巡检完成: 0 个错误, 1 个警告
[2026-06-17 23:00:01] === 开始巡检 ===
[2026-06-17 23:00:01] ⚠️ 有 1 个文件未提交
[2026-06-17 23:00:01] ⚠️ 巡检完成: 0 个错误, 1 个警告
[2026-06-17 23:30:01] === 开始巡检 ===
[2026-06-17 23:30:01] ⚠️ 有 1 个文件未提交
[2026-06-17 23:30:01] ⚠️ 巡检完成: 0 个错误, 1 个警告
[2026-06-18 00:00:01] === 开始巡检 ===
[2026-06-18 00:00:01] ⚠️ 有 1 个文件未提交
[2026-06-18 00:00:01] ⚠️ 巡检完成: 0 个错误, 1 个警告
[2026-06-18 00:30:01] === 开始巡检 ===
[2026-06-18 00:30:01] ⚠️ 有 1 个文件未提交
[2026-06-18 00:30:01] ⚠️ 巡检完成: 0 个错误, 1 个警告
[2026-06-18 01:00:01] === 开始巡检 ===
[2026-06-18 01:00:01] ⚠️ 有 1 个文件未提交
[2026-06-18 01:00:01] ⚠️ 巡检完成: 0 个错误, 1 个警告
[2026-06-18 01:30:01] === 开始巡检 ===
[2026-06-18 01:30:01] ⚠️ 有 1 个文件未提交
[2026-06-18 01:30:01] ⚠️ 巡检完成: 0 个错误, 1 个警告
[2026-06-18 02:00:01] === 开始巡检 ===
[2026-06-18 02:00:01] ⚠️ 有 1 个文件未提交
[2026-06-18 02:00:01] ⚠️ 巡检完成: 0 个错误, 1 个警告
[2026-06-18 02:30:01] === 开始巡检 ===
[2026-06-18 02:30:01] ⚠️ 有 1 个文件未提交
[2026-06-18 02:30:01] ⚠️ 巡检完成: 0 个错误, 1 个警告
[2026-06-18 03:00:01] === 开始巡检 ===
[2026-06-18 03:00:01] ⚠️ 有 1 个文件未提交
[2026-06-18 03:00:01] ⚠️ 巡检完成: 0 个错误, 1 个警告
[2026-06-18 03:30:01] === 开始巡检 ===
[2026-06-18 03:30:01] ⚠️ 有 1 个文件未提交
[2026-06-18 03:30:01] ⚠️ 巡检完成: 0 个错误, 1 个警告
[2026-06-18 04:00:01] === 开始巡检 ===
[2026-06-18 04:00:01] ⚠️ 有 1 个文件未提交
[2026-06-18 04:00:01] ⚠️ 巡检完成: 0 个错误, 1 个警告
[2026-06-18 04:30:01] === 开始巡检 ===
[2026-06-18 04:30:01] ⚠️ 有 1 个文件未提交
[2026-06-18 04:30:01] ⚠️ 巡检完成: 0 个错误, 1 个警告
[2026-06-18 05:00:01] === 开始巡检 ===
[2026-06-18 05:00:01] ⚠️ 有 1 个文件未提交
[2026-06-18 05:00:01] ⚠️ 巡检完成: 0 个错误, 1 个警告
[2026-06-18 05:30:01] === 开始巡检 ===
[2026-06-18 05:30:01] ⚠️ 有 1 个文件未提交
[2026-06-18 05:30:01] ⚠️ 巡检完成: 0 个错误, 1 个警告
[2026-06-18 06:00:01] === 开始巡检 ===
[2026-06-18 06:00:01] ⚠️ 有 3 个文件未提交
[2026-06-18 06:00:01] ⚠️ 巡检完成: 0 个错误, 1 个警告
[2026-06-18 06:30:01] === 开始巡检 ===
[2026-06-18 06:30:01] ⚠️ 有 1 个提交未推送，自动推送...
To https://github.com/Omlandc/aievoweb.git
   ecb1bb5..d044780  main -> main
[2026-06-18 06:30:01] ✅ 自动推送成功
[2026-06-18 06:30:01] ⚠️ 有 1 个文件未提交
[2026-06-18 06:30:01] ⚠️ 巡检完成: 0 个错误, 1 个警告
[2026-06-18 07:00:01] === 开始巡检 ===
[2026-06-18 07:00:01] ⚠️ 有 1 个文件未提交
[2026-06-18 07:00:01] ⚠️ 巡检完成: 0 个错误, 1 个警告
[2026-06-18 07:30:01] === 开始巡检 ===
[2026-06-18 07:30:01] ⚠️ 有 1 个文件未提交
[2026-06-18 07:30:01] ⚠️ 巡检完成: 0 个错误, 1 个警告
[2026-06-18 08:00:01] === 开始巡检 ===
[2026-06-18 08:00:01] ⚠️ 有 1 个文件未提交
[2026-06-18 08:00:01] ⚠️ 巡检完成: 0 个错误, 1 个警告
[2026-06-18 08:30:01] === 开始巡检 ===
[2026-06-18 08:30:01] ⚠️ 有 1 个文件未提交
[2026-06-18 08:30:01] ⚠️ 巡检完成: 0 个错误, 1 个警告
[2026-06-18 09:00:01] === 开始巡检 ===
[2026-06-18 09:00:01] ⚠️ 有 3 个文件未提交
[2026-06-18 09:00:01] ⚠️ 巡检完成: 0 个错误, 1 个警告
[2026-06-18 09:30:01] === 开始巡检 ===
[2026-06-18 09:30:01] ⚠️ 有 3 个文件未提交
[2026-06-18 09:30:01] ⚠️ 巡检完成: 0 个错误, 1 个警告
[2026-06-18 10:00:01] === 开始巡检 ===
[2026-06-18 10:00:01] ⚠️ 有 3 个文件未提交
[2026-06-18 10:00:01] ⚠️ 巡检完成: 0 个错误, 1 个警告
[2026-06-18 10:30:01] === 开始巡检 ===
[2026-06-18 10:30:01] ⚠️ 有 3 个文件未提交
[2026-06-18 10:30:01] ⚠️ 巡检完成: 0 个错误, 1 个警告
[2026-06-18 11:00:01] === 开始巡检 ===
[2026-06-18 11:00:01] ⚠️ 有 3 个文件未提交
[2026-06-18 11:00:01] ⚠️ 巡检完成: 0 个错误, 1 个警告
[2026-06-18 11:30:01] === 开始巡检 ===
[2026-06-18 11:30:01] ⚠️ 有 3 个文件未提交
[2026-06-18 11:30:01] ⚠️ 巡检完成: 0 个错误, 1 个警告
[2026-06-18 12:00:01] === 开始巡检 ===
[2026-06-18 12:00:01] ⚠️ 有 3 个文件未提交
[2026-06-18 12:00:01] ⚠️ 巡检完成: 0 个错误, 1 个警告
[2026-06-18 12:30:01] === 开始巡检 ===
[2026-06-18 12:30:01] ⚠️ 有 3 个文件未提交
[2026-06-18 12:30:01] ⚠️ 巡检完成: 0 个错误, 1 个警告
[2026-06-18 13:00:01] === 开始巡检 ===
[2026-06-18 13:00:01] ⚠️ 有 3 个文件未提交
[2026-06-18 13:00:01] ⚠️ 巡检完成: 0 个错误, 1 个警告
[2026-06-18 13:30:01] === 开始巡检 ===
[2026-06-18 13:30:01] ⚠️ 有 3 个文件未提交
[2026-06-18 13:30:01] ⚠️ 巡检完成: 0 个错误, 1 个警告
[2026-06-18 14:00:02] === 开始巡检 ===
[2026-06-18 14:00:02] ⚠️ 有 5 个文件未提交
[2026-06-18 14:00:02] ⚠️ 巡检完成: 0 个错误, 1 个警告
[2026-06-18 14:30:01] === 开始巡检 ===
[2026-06-18 14:30:01] ⚠️ 有 1 个提交未推送，自动推送...
To https://github.com/Omlandc/aievoweb.git
   d044780..a143a9a  main -> main
[2026-06-18 14:30:01] ✅ 自动推送成功
[2026-06-18 14:30:01] ⚠️ 有 1 个文件未提交
[2026-06-18 14:30:01] ⚠️ 巡检完成: 0 个错误, 1 个警告
[2026-06-18 15:00:01] === 开始巡检 ===
[2026-06-18 15:00:01] ⚠️ 有 1 个文件未提交
[2026-06-18 15:00:01] ⚠️ 巡检完成: 0 个错误, 1 个警告
[2026-06-18 15:30:01] === 开始巡检 ===
[2026-06-18 15:30:01] ⚠️ 有 1 个文件未提交
[2026-06-18 15:30:01] ⚠️ 巡检完成: 0 个错误, 1 个警告
[2026-06-18 16:00:01] === 开始巡检 ===
[2026-06-18 16:00:01] ⚠️ 有 1 个文件未提交
[2026-06-18 16:00:01] ⚠️ 巡检完成: 0 个错误, 1 个警告
[2026-06-18 16:30:01] === 开始巡检 ===
[2026-06-18 16:30:01] ⚠️ 有 1 个文件未提交
[2026-06-18 16:30:01] ⚠️ 巡检完成: 0 个错误, 1 个警告
[2026-06-18 17:00:01] === 开始巡检 ===
[2026-06-18 17:00:01] ⚠️ 有 1 个文件未提交
[2026-06-18 17:00:01] ⚠️ 巡检完成: 0 个错误, 1 个警告
[2026-06-18 17:30:01] === 开始巡检 ===
[2026-06-18 17:30:01] ⚠️ 有 1 个文件未提交
[2026-06-18 17:30:01] ⚠️ 巡检完成: 0 个错误, 1 个警告
[2026-06-18 18:00:01] === 开始巡检 ===
[2026-06-18 18:00:01] ⚠️ 有 1 个文件未提交
[2026-06-18 18:00:01] ⚠️ 巡检完成: 0 个错误, 1 个警告
[2026-06-18 18:30:02] === 开始巡检 ===
[2026-06-18 18:30:02] ⚠️ 有 1 个文件未提交
[2026-06-18 18:30:02] ⚠️ 巡检完成: 0 个错误, 1 个警告
[2026-06-18 19:00:01] === 开始巡检 ===
[2026-06-18 19:00:01] ⚠️ 有 1 个文件未提交
[2026-06-18 19:00:01] ⚠️ 巡检完成: 0 个错误, 1 个警告
[2026-06-18 19:30:01] === 开始巡检 ===
[2026-06-18 19:30:01] ⚠️ 有 1 个文件未提交
[2026-06-18 19:30:01] ⚠️ 巡检完成: 0 个错误, 1 个警告
[2026-06-18 20:00:01] === 开始巡检 ===
[2026-06-18 20:00:01] ⚠️ 有 1 个文件未提交
[2026-06-18 20:00:01] ⚠️ 巡检完成: 0 个错误, 1 个警告
[2026-06-18 20:30:01] === 开始巡检 ===
[2026-06-18 20:30:01] ⚠️ 有 1 个文件未提交
[2026-06-18 20:30:01] ⚠️ 巡检完成: 0 个错误, 1 个警告
[2026-06-18 21:00:01] === 开始巡检 ===
[2026-06-18 21:00:01] ⚠️ 有 3 个文件未提交
[2026-06-18 21:00:01] ⚠️ 巡检完成: 0 个错误, 1 个警告
[2026-06-18 21:30:01] === 开始巡检 ===
[2026-06-18 21:30:01] ⚠️ 有 1 个提交未推送，自动推送...
To https://github.com/Omlandc/aievoweb.git
   a143a9a..2511961  main -> main
[2026-06-18 21:30:01] ✅ 自动推送成功
[2026-06-18 21:30:01] ⚠️ 有 1 个文件未提交
[2026-06-18 21:30:01] ⚠️ 巡检完成: 0 个错误, 1 个警告
[2026-06-18 22:00:01] === 开始巡检 ===
[2026-06-18 22:00:01] ⚠️ 有 1 个文件未提交
[2026-06-18 22:00:01] ⚠️ 巡检完成: 0 个错误, 1 个警告
[2026-06-18 22:30:01] === 开始巡检 ===
[2026-06-18 22:30:01] ⚠️ 有 1 个文件未提交
[2026-06-18 22:30:01] ⚠️ 巡检完成: 0 个错误, 1 个警告
[2026-06-18 23:00:01] === 开始巡检 ===
[2026-06-18 23:00:01] ⚠️ 有 1 个文件未提交
[2026-06-18 23:00:01] ⚠️ 巡检完成: 0 个错误, 1 个警告
[2026-06-18 23:30:01] === 开始巡检 ===
[2026-06-18 23:30:01] ⚠️ 有 1 个文件未提交
[2026-06-18 23:30:01] ⚠️ 巡检完成: 0 个错误, 1 个警告
[2026-06-19 00:00:01] === 开始巡检 ===
[2026-06-19 00:00:01] ⚠️ 有 1 个文件未提交
[2026-06-19 00:00:01] ⚠️ 巡检完成: 0 个错误, 1 个警告
[2026-06-19 00:30:01] === 开始巡检 ===
[2026-06-19 00:30:01] ⚠️ 有 1 个文件未提交
[2026-06-19 00:30:01] ⚠️ 巡检完成: 0 个错误, 1 个警告
[2026-06-19 01:00:01] === 开始巡检 ===
[2026-06-19 01:00:01] ⚠️ 有 1 个文件未提交
[2026-06-19 01:00:01] ⚠️ 巡检完成: 0 个错误, 1 个警告
[2026-06-19 01:30:01] === 开始巡检 ===
[2026-06-19 01:30:01] ⚠️ 有 1 个文件未提交
[2026-06-19 01:30:01] ⚠️ 巡检完成: 0 个错误, 1 个警告
[2026-06-19 02:00:01] === 开始巡检 ===
[2026-06-19 02:00:01] ⚠️ 有 1 个文件未提交
[2026-06-19 02:00:01] ⚠️ 巡检完成: 0 个错误, 1 个警告
[2026-06-19 02:30:01] === 开始巡检 ===
[2026-06-19 02:30:01] ⚠️ 有 1 个文件未提交
[2026-06-19 02:30:01] ⚠️ 巡检完成: 0 个错误, 1 个警告
[2026-06-19 03:00:01] === 开始巡检 ===
[2026-06-19 03:00:01] ⚠️ 有 1 个文件未提交
[2026-06-19 03:00:01] ⚠️ 巡检完成: 0 个错误, 1 个警告
[2026-06-19 03:30:01] === 开始巡检 ===
[2026-06-19 03:30:01] ⚠️ 有 1 个文件未提交
[2026-06-19 03:30:01] ⚠️ 巡检完成: 0 个错误, 1 个警告
[2026-06-19 04:00:01] === 开始巡检 ===
[2026-06-19 04:00:01] ⚠️ 有 1 个文件未提交
[2026-06-19 04:00:01] ⚠️ 巡检完成: 0 个错误, 1 个警告
[2026-06-19 04:30:01] === 开始巡检 ===
[2026-06-19 04:30:01] ⚠️ 有 1 个文件未提交
[2026-06-19 04:30:01] ⚠️ 巡检完成: 0 个错误, 1 个警告
[2026-06-19 05:00:01] === 开始巡检 ===
[2026-06-19 05:00:01] ⚠️ 有 1 个文件未提交
[2026-06-19 05:00:01] ⚠️ 巡检完成: 0 个错误, 1 个警告
[2026-06-19 05:30:01] === 开始巡检 ===
[2026-06-19 05:30:01] ⚠️ 有 1 个文件未提交
[2026-06-19 05:30:01] ⚠️ 巡检完成: 0 个错误, 1 个警告
[2026-06-19 06:00:01] === 开始巡检 ===
[2026-06-19 06:00:01] ⚠️ 有 3 个文件未提交
[2026-06-19 06:00:01] ⚠️ 巡检完成: 0 个错误, 1 个警告
[2026-06-19 06:30:01] === 开始巡检 ===
[2026-06-19 06:30:01] ⚠️ 有 1 个提交未推送，自动推送...
To https://github.com/Omlandc/aievoweb.git
   2511961..29d57f2  main -> main
[2026-06-19 06:30:01] ✅ 自动推送成功
[2026-06-19 06:30:01] ⚠️ 有 1 个文件未提交
[2026-06-19 06:30:01] ⚠️ 巡检完成: 0 个错误, 1 个警告
[2026-06-19 07:00:01] === 开始巡检 ===
[2026-06-19 07:00:01] ⚠️ 有 1 个文件未提交
[2026-06-19 07:00:01] ⚠️ 巡检完成: 0 个错误, 1 个警告
[2026-06-19 07:30:01] === 开始巡检 ===
[2026-06-19 07:30:01] ⚠️ 有 1 个文件未提交
[2026-06-19 07:30:01] ⚠️ 巡检完成: 0 个错误, 1 个警告
[2026-06-19 08:00:01] === 开始巡检 ===
[2026-06-19 08:00:01] ⚠️ 有 1 个文件未提交
[2026-06-19 08:00:01] ⚠️ 巡检完成: 0 个错误, 1 个警告
[2026-06-19 08:30:01] === 开始巡检 ===
[2026-06-19 08:30:01] ⚠️ 有 1 个文件未提交
[2026-06-19 08:30:01] ⚠️ 巡检完成: 0 个错误, 1 个警告
[2026-06-19 09:00:01] === 开始巡检 ===
[2026-06-19 09:00:01] ⚠️ 有 3 个文件未提交
[2026-06-19 09:00:01] ⚠️ 巡检完成: 0 个错误, 1 个警告
[2026-06-19 09:30:01] === 开始巡检 ===
[2026-06-19 09:30:01] ⚠️ 有 3 个文件未提交
[2026-06-19 09:30:01] ⚠️ 巡检完成: 0 个错误, 1 个警告
[2026-06-19 10:00:01] === 开始巡检 ===
[2026-06-19 10:00:01] ⚠️ 有 3 个文件未提交
[2026-06-19 10:00:01] ⚠️ 巡检完成: 0 个错误, 1 个警告
[2026-06-19 10:30:01] === 开始巡检 ===
[2026-06-19 10:30:01] ⚠️ 有 3 个文件未提交
[2026-06-19 10:30:01] ⚠️ 巡检完成: 0 个错误, 1 个警告
[2026-06-19 11:00:01] === 开始巡检 ===
[2026-06-19 11:00:01] ⚠️ 有 3 个文件未提交
[2026-06-19 11:00:01] ⚠️ 巡检完成: 0 个错误, 1 个警告
[2026-06-19 11:30:01] === 开始巡检 ===
[2026-06-19 11:30:01] ⚠️ 有 3 个文件未提交
[2026-06-19 11:30:01] ⚠️ 巡检完成: 0 个错误, 1 个警告
[2026-06-19 12:00:01] === 开始巡检 ===
[2026-06-19 12:00:01] ⚠️ 有 3 个文件未提交
[2026-06-19 12:00:01] ⚠️ 巡检完成: 0 个错误, 1 个警告
[2026-06-19 12:30:01] === 开始巡检 ===
[2026-06-19 12:30:01] ⚠️ 有 3 个文件未提交
[2026-06-19 12:30:01] ⚠️ 巡检完成: 0 个错误, 1 个警告
[2026-06-19 13:00:01] === 开始巡检 ===
[2026-06-19 13:00:01] ⚠️ 有 3 个文件未提交
[2026-06-19 13:00:01] ⚠️ 巡检完成: 0 个错误, 1 个警告
[2026-06-19 13:30:01] === 开始巡检 ===
[2026-06-19 13:30:01] ⚠️ 有 3 个文件未提交
[2026-06-19 13:30:01] ⚠️ 巡检完成: 0 个错误, 1 个警告
[2026-06-19 14:00:01] === 开始巡检 ===
[2026-06-19 14:00:01] ⚠️ 有 6 个文件未提交
[2026-06-19 14:00:01] ⚠️ 巡检完成: 0 个错误, 1 个警告
[2026-06-19 14:30:01] === 开始巡检 ===
[2026-06-19 14:30:01] ⚠️ 有 1 个提交未推送，自动推送...
To https://github.com/Omlandc/aievoweb.git
   29d57f2..2b0aaec  main -> main
[2026-06-19 14:30:01] ✅ 自动推送成功
[2026-06-19 14:30:01] ⚠️ 有 1 个文件未提交
[2026-06-19 14:30:01] ⚠️ 巡检完成: 0 个错误, 1 个警告
[2026-06-19 15:00:01] === 开始巡检 ===
[2026-06-19 15:00:01] ⚠️ 有 1 个文件未提交
[2026-06-19 15:00:01] ⚠️ 巡检完成: 0 个错误, 1 个警告
[2026-06-19 15:30:01] === 开始巡检 ===
[2026-06-19 15:30:01] ⚠️ 有 1 个文件未提交
[2026-06-19 15:30:01] ⚠️ 巡检完成: 0 个错误, 1 个警告
[2026-06-19 16:00:01] === 开始巡检 ===
[2026-06-19 16:00:01] ⚠️ 有 1 个文件未提交
[2026-06-19 16:00:01] ⚠️ 巡检完成: 0 个错误, 1 个警告
[2026-06-19 16:30:01] === 开始巡检 ===
[2026-06-19 16:30:01] ⚠️ 有 1 个文件未提交
[2026-06-19 16:30:01] ⚠️ 巡检完成: 0 个错误, 1 个警告
[2026-06-19 17:00:01] === 开始巡检 ===
[2026-06-19 17:00:01] ⚠️ 有 1 个文件未提交
[2026-06-19 17:00:01] ⚠️ 巡检完成: 0 个错误, 1 个警告
[2026-06-19 17:30:01] === 开始巡检 ===
[2026-06-19 17:30:01] ⚠️ 有 1 个文件未提交
[2026-06-19 17:30:01] ⚠️ 巡检完成: 0 个错误, 1 个警告
[2026-06-19 18:00:01] === 开始巡检 ===
[2026-06-19 18:00:01] ⚠️ 有 1 个文件未提交
[2026-06-19 18:00:01] ⚠️ 巡检完成: 0 个错误, 1 个警告
[2026-06-19 18:30:01] === 开始巡检 ===
[2026-06-19 18:30:01] ⚠️ 有 1 个文件未提交
[2026-06-19 18:30:01] ⚠️ 巡检完成: 0 个错误, 1 个警告
[2026-06-19 19:00:01] === 开始巡检 ===
[2026-06-19 19:00:01] ⚠️ 有 1 个文件未提交
[2026-06-19 19:00:01] ⚠️ 巡检完成: 0 个错误, 1 个警告
[2026-06-19 19:30:01] === 开始巡检 ===
[2026-06-19 19:30:01] ⚠️ 有 1 个文件未提交
[2026-06-19 19:30:01] ⚠️ 巡检完成: 0 个错误, 1 个警告
[2026-06-19 20:00:01] === 开始巡检 ===
[2026-06-19 20:00:01] ⚠️ 有 1 个文件未提交
[2026-06-19 20:00:01] ⚠️ 巡检完成: 0 个错误, 1 个警告
[2026-06-19 20:30:01] === 开始巡检 ===
[2026-06-19 20:30:01] ⚠️ 有 1 个文件未提交
[2026-06-19 20:30:01] ⚠️ 巡检完成: 0 个错误, 1 个警告
[2026-06-19 21:00:01] === 开始巡检 ===
[2026-06-19 21:00:01] ⚠️ 有 3 个文件未提交
[2026-06-19 21:00:01] ⚠️ 巡检完成: 0 个错误, 1 个警告
[2026-06-19 21:30:01] === 开始巡检 ===
[2026-06-19 21:30:01] ⚠️ 有 1 个提交未推送，自动推送...
To https://github.com/Omlandc/aievoweb.git
   2b0aaec..0a94210  main -> main
[2026-06-19 21:30:01] ✅ 自动推送成功
[2026-06-19 21:30:01] ⚠️ 有 1 个文件未提交
[2026-06-19 21:30:01] ⚠️ 巡检完成: 0 个错误, 1 个警告
[2026-06-19 22:00:01] === 开始巡检 ===
[2026-06-19 22:00:01] ⚠️ 有 1 个文件未提交
[2026-06-19 22:00:01] ⚠️ 巡检完成: 0 个错误, 1 个警告
[2026-06-19 22:30:01] === 开始巡检 ===
[2026-06-19 22:30:01] ⚠️ 有 1 个文件未提交
[2026-06-19 22:30:01] ⚠️ 巡检完成: 0 个错误, 1 个警告
[2026-06-19 23:00:01] === 开始巡检 ===
[2026-06-19 23:00:01] ⚠️ 有 1 个文件未提交
[2026-06-19 23:00:01] ⚠️ 巡检完成: 0 个错误, 1 个警告
[2026-06-19 23:30:01] === 开始巡检 ===
[2026-06-19 23:30:01] ⚠️ 有 1 个文件未提交
[2026-06-19 23:30:01] ⚠️ 巡检完成: 0 个错误, 1 个警告
[2026-06-20 00:00:01] === 开始巡检 ===
[2026-06-20 00:00:01] ⚠️ 有 1 个文件未提交
[2026-06-20 00:00:01] ⚠️ 巡检完成: 0 个错误, 1 个警告
[2026-06-20 00:30:01] === 开始巡检 ===
[2026-06-20 00:30:01] ⚠️ 有 1 个文件未提交
[2026-06-20 00:30:01] ⚠️ 巡检完成: 0 个错误, 1 个警告
[2026-06-20 01:00:01] === 开始巡检 ===
[2026-06-20 01:00:01] ⚠️ 有 1 个文件未提交
[2026-06-20 01:00:01] ⚠️ 巡检完成: 0 个错误, 1 个警告
[2026-06-20 01:30:01] === 开始巡检 ===
[2026-06-20 01:30:01] ⚠️ 有 1 个文件未提交
[2026-06-20 01:30:01] ⚠️ 巡检完成: 0 个错误, 1 个警告
[2026-06-20 02:00:01] === 开始巡检 ===
[2026-06-20 02:00:01] ⚠️ 有 1 个文件未提交
[2026-06-20 02:00:01] ⚠️ 巡检完成: 0 个错误, 1 个警告
[2026-06-20 02:30:01] === 开始巡检 ===
[2026-06-20 02:30:01] ⚠️ 有 1 个文件未提交
[2026-06-20 02:30:01] ⚠️ 巡检完成: 0 个错误, 1 个警告
[2026-06-20 03:00:01] === 开始巡检 ===
[2026-06-20 03:00:01] ⚠️ 有 1 个文件未提交
[2026-06-20 03:00:01] ⚠️ 巡检完成: 0 个错误, 1 个警告
[2026-06-20 03:30:01] === 开始巡检 ===
[2026-06-20 03:30:01] ⚠️ 有 1 个文件未提交
[2026-06-20 03:30:01] ⚠️ 巡检完成: 0 个错误, 1 个警告
[2026-06-20 04:00:01] === 开始巡检 ===
[2026-06-20 04:00:01] ⚠️ 有 1 个文件未提交
[2026-06-20 04:00:01] ⚠️ 巡检完成: 0 个错误, 1 个警告
[2026-06-20 04:30:01] === 开始巡检 ===
[2026-06-20 04:30:01] ⚠️ 有 1 个文件未提交
[2026-06-20 04:30:01] ⚠️ 巡检完成: 0 个错误, 1 个警告
[2026-06-20 05:00:01] === 开始巡检 ===
[2026-06-20 05:00:01] ⚠️ 有 1 个文件未提交
[2026-06-20 05:00:01] ⚠️ 巡检完成: 0 个错误, 1 个警告
[2026-06-20 05:30:01] === 开始巡检 ===
[2026-06-20 05:30:01] ⚠️ 有 1 个文件未提交
[2026-06-20 05:30:01] ⚠️ 巡检完成: 0 个错误, 1 个警告
[2026-06-20 06:00:01] === 开始巡检 ===
[2026-06-20 06:00:01] ⚠️ 有 3 个文件未提交
[2026-06-20 06:00:01] ⚠️ 巡检完成: 0 个错误, 1 个警告
